Fri 17 Mar 2023 05:28:07 PM UTC: 
 exercises.c | 19 +++++++++++++++++--
 1 file changed, 17 insertions(+), 2 deletions(-)
In file included from test.c:5:
exercises.c: In function ‘swap’:
exercises.c:17:3: error: invalid operands to binary * (have ‘int’ and ‘int *’)
   16 |   int temp=*a
      |            ~~
      |            |
      |            int
   17 |   *a=*b
      |   ^
exercises.c:18:3: error: invalid operands to binary * (have ‘int’ and ‘int *’)
   17 |   *a=*b
      |      ~~
      |      |
      |      int
   18 |   *b=temp
      |   ^
exercises.c:19:1: error: expected ‘,’ or ‘;’ before ‘}’ token
   19 | }
      | ^
exercises.c: In function ‘crearPersona’:
exercises.c:58:22: error: returning ‘int’ from a function with return type ‘Persona *’ makes pointer from integer without a cast [-Werror=int-conversion]
   58 |   if(p==NULL) return EXIT_FAILURE;
      |                      ^~~~~~~~~~~~
test.c: In function ‘swap’:
test.c:251:5: error: ‘main’ is normally a non-static function [-Werror=main]
  251 | int main( int argc, char *argv[] ) {
      |     ^~~~
test.c:271:1: error: expected declaration or statement at end of input
  271 | }
      | ^
At top level:
test.c:251:5: error: ‘main’ defined but not used [-Werror=unused-function]
  251 | int main( int argc, char *argv[] ) {
      |     ^~~~
cc1: all warnings being treated as errors
Compilation failed
ddcd464
Fri 17 Mar 2023 05:29:09 PM UTC: 
 exercises.c | 2 +-
 1 file changed, 1 insertion(+), 1 deletion(-)
In file included from test.c:5:
exercises.c: In function ‘swap’:
exercises.c:17:3: error: invalid operands to binary * (have ‘int *’ and ‘int *’)
   17 |   *a=*b
      |   ^
exercises.c:18:3: error: invalid operands to binary * (have ‘int’ and ‘int *’)
   17 |   *a=*b
      |      ~~
      |      |
      |      int
   18 |   *b=temp
      |   ^
exercises.c:19:1: error: expected ‘,’ or ‘;’ before ‘}’ token
   19 | }
      | ^
exercises.c: In function ‘crearPersona’:
exercises.c:58:22: error: returning ‘int’ from a function with return type ‘Persona *’ makes pointer from integer without a cast [-Werror=int-conversion]
   58 |   if(p==NULL) return EXIT_FAILURE;
      |                      ^~~~~~~~~~~~
test.c: In function ‘swap’:
test.c:251:5: error: ‘main’ is normally a non-static function [-Werror=main]
  251 | int main( int argc, char *argv[] ) {
      |     ^~~~
test.c:271:1: error: expected declaration or statement at end of input
  271 | }
      | ^
At top level:
test.c:251:5: error: ‘main’ defined but not used [-Werror=unused-function]
  251 | int main( int argc, char *argv[] ) {
      |     ^~~~
cc1: all warnings being treated as errors
Compilation failed
c2f284e
Fri 17 Mar 2023 05:29:34 PM UTC: 
 exercises.c | 2 +-
 1 file changed, 1 insertion(+), 1 deletion(-)
In file included from test.c:5:
exercises.c: In function ‘swap’:
exercises.c:16:12: error: initialization of ‘int’ from ‘int *’ makes integer from pointer without a cast [-Werror=int-conversion]
   16 |   int temp=a
      |            ^
exercises.c:17:3: error: expected ‘,’ or ‘;’ before ‘a’
   17 |   a=*b
      |   ^
exercises.c: In function ‘crearPersona’:
exercises.c:58:22: error: returning ‘int’ from a function with return type ‘Persona *’ makes pointer from integer without a cast [-Werror=int-conversion]
   58 |   if(p==NULL) return EXIT_FAILURE;
      |                      ^~~~~~~~~~~~
test.c: In function ‘swap’:
test.c:251:5: error: ‘main’ is normally a non-static function [-Werror=main]
  251 | int main( int argc, char *argv[] ) {
      |     ^~~~
test.c:271:1: error: expected declaration or statement at end of input
  271 | }
      | ^
In file included from test.c:5:
exercises.c:16:7: error: unused variable ‘temp’ [-Werror=unused-variable]
   16 |   int temp=a
      |       ^~~~
At top level:
test.c:251:5: error: ‘main’ defined but not used [-Werror=unused-function]
  251 | int main( int argc, char *argv[] ) {
      |     ^~~~
cc1: all warnings being treated as errors
Compilation failed
43d268a
Fri 17 Mar 2023 05:30:06 PM UTC: 
 exercises.c | 2 +-
 1 file changed, 1 insertion(+), 1 deletion(-)
In file included from test.c:5:
exercises.c: In function ‘swap’:
exercises.c:17:3: error: expected ‘,’ or ‘;’ before ‘a’
   17 |   a=*b
      |   ^
exercises.c: In function ‘crearPersona’:
exercises.c:58:22: error: returning ‘int’ from a function with return type ‘Persona *’ makes pointer from integer without a cast [-Werror=int-conversion]
   58 |   if(p==NULL) return EXIT_FAILURE;
      |                      ^~~~~~~~~~~~
test.c: In function ‘swap’:
test.c:251:5: error: ‘main’ is normally a non-static function [-Werror=main]
  251 | int main( int argc, char *argv[] ) {
      |     ^~~~
test.c:271:1: error: expected declaration or statement at end of input
  271 | }
      | ^
In file included from test.c:5:
exercises.c:16:7: error: unused variable ‘temp’ [-Werror=unused-variable]
   16 |   int temp=*a
      |       ^~~~
At top level:
test.c:251:5: error: ‘main’ defined but not used [-Werror=unused-function]
  251 | int main( int argc, char *argv[] ) {
      |     ^~~~
cc1: all warnings being treated as errors
Compilation failed
6b66c7c
Fri 17 Mar 2023 05:30:19 PM UTC: 
In file included from test.c:5:
exercises.c: In function ‘swap’:
exercises.c:17:3: error: expected ‘,’ or ‘;’ before ‘a’
   17 |   a=*b
      |   ^
exercises.c: In function ‘crearPersona’:
exercises.c:58:22: error: returning ‘int’ from a function with return type ‘Persona *’ makes pointer from integer without a cast [-Werror=int-conversion]
   58 |   if(p==NULL) return EXIT_FAILURE;
      |                      ^~~~~~~~~~~~
test.c: In function ‘swap’:
test.c:251:5: error: ‘main’ is normally a non-static function [-Werror=main]
  251 | int main( int argc, char *argv[] ) {
      |     ^~~~
test.c:271:1: error: expected declaration or statement at end of input
  271 | }
      | ^
In file included from test.c:5:
exercises.c:16:7: error: unused variable ‘temp’ [-Werror=unused-variable]
   16 |   int temp=*a
      |       ^~~~
At top level:
test.c:251:5: error: ‘main’ defined but not used [-Werror=unused-function]
  251 | int main( int argc, char *argv[] ) {
      |     ^~~~
cc1: all warnings being treated as errors
Compilation failed
e6d9be1
Fri 17 Mar 2023 05:30:41 PM UTC: 
 exercises.c | 6 +++---
 1 file changed, 3 insertions(+), 3 deletions(-)
In file included from test.c:5:
exercises.c: In function ‘crearPersona’:
exercises.c:58:22: error: returning ‘int’ from a function with return type ‘Persona *’ makes pointer from integer without a cast [-Werror=int-conversion]
   58 |   if(p==NULL) return EXIT_FAILURE;
      |                      ^~~~~~~~~~~~
In file included from /nix/store/4pqv2mwdn88h7xvsm7a5zplrd8sxzvw0-glibc-2.35-163-dev/include/string.h:535,
                 from test.c:3:
In function ‘strncpy’,
    inlined from ‘crearPersona’ at exercises.c:60:3:
/nix/store/4pqv2mwdn88h7xvsm7a5zplrd8sxzvw0-glibc-2.35-163-dev/include/bits/string_fortified.h:95:10: error: ‘__builtin_strncpy’ specified bound 30 equals destination size [-Werror=stringop-truncation]
   95 |   return __builtin___strncpy_chk (__dest, __src, __len,
      |          ^~~~~~~~~~~~~~~~~~~~~~~~~~~~~~~~~~~~~~~~~~~~~~
   96 |                                   __glibc_objsize (__dest));
      |                                   ~~~~~~~~~~~~~~~~~~~~~~~~~
In function ‘strncpy’,
    inlined from ‘crearPersona’ at exercises.c:61:3:
/nix/store/4pqv2mwdn88h7xvsm7a5zplrd8sxzvw0-glibc-2.35-163-dev/include/bits/string_fortified.h:95:10: error: ‘__builtin_strncpy’ specified bound 11 equals destination size [-Werror=stringop-truncation]
   95 |   return __builtin___strncpy_chk (__dest, __src, __len,
      |          ^~~~~~~~~~~~~~~~~~~~~~~~~~~~~~~~~~~~~~~~~~~~~~
   96 |                                   __glibc_objsize (__dest));
      |                                   ~~~~~~~~~~~~~~~~~~~~~~~~~
cc1: all warnings being treated as errors
Compilation failed
b73dcad
Fri 17 Mar 2023 05:32:11 PM UTC: 
 exercises.c | 2 +-
 1 file changed, 1 insertion(+), 1 deletion(-)
In file included from test.c:5:
exercises.c: In function ‘swap’:
exercises.c:17:5: error: assignment to ‘int’ from ‘int *’ makes integer from pointer without a cast [-Werror=int-conversion]
   17 |   *a=b;
      |     ^
exercises.c: In function ‘crearPersona’:
exercises.c:58:22: error: returning ‘int’ from a function with return type ‘Persona *’ makes pointer from integer without a cast [-Werror=int-conversion]
   58 |   if(p==NULL) return EXIT_FAILURE;
      |                      ^~~~~~~~~~~~
In file included from /nix/store/4pqv2mwdn88h7xvsm7a5zplrd8sxzvw0-glibc-2.35-163-dev/include/string.h:535,
                 from test.c:3:
In function ‘strncpy’,
    inlined from ‘crearPersona’ at exercises.c:60:3:
/nix/store/4pqv2mwdn88h7xvsm7a5zplrd8sxzvw0-glibc-2.35-163-dev/include/bits/string_fortified.h:95:10: error: ‘__builtin_strncpy’ specified bound 30 equals destination size [-Werror=stringop-truncation]
   95 |   return __builtin___strncpy_chk (__dest, __src, __len,
      |          ^~~~~~~~~~~~~~~~~~~~~~~~~~~~~~~~~~~~~~~~~~~~~~
   96 |                                   __glibc_objsize (__dest));
      |                                   ~~~~~~~~~~~~~~~~~~~~~~~~~
In function ‘strncpy’,
    inlined from ‘crearPersona’ at exercises.c:61:3:
/nix/store/4pqv2mwdn88h7xvsm7a5zplrd8sxzvw0-glibc-2.35-163-dev/include/bits/string_fortified.h:95:10: error: ‘__builtin_strncpy’ specified bound 11 equals destination size [-Werror=stringop-truncation]
   95 |   return __builtin___strncpy_chk (__dest, __src, __len,
      |          ^~~~~~~~~~~~~~~~~~~~~~~~~~~~~~~~~~~~~~~~~~~~~~
   96 |                                   __glibc_objsize (__dest));
      |                                   ~~~~~~~~~~~~~~~~~~~~~~~~~
cc1: all warnings being treated as errors
Compilation failed
bde9137
Fri 17 Mar 2023 05:33:32 PM UTC: 
 exercises.c | 2 +-
 1 file changed, 1 insertion(+), 1 deletion(-)
In file included from test.c:5:
exercises.c: In function ‘crearPersona’:
exercises.c:58:22: error: returning ‘int’ from a function with return type ‘Persona *’ makes pointer from integer without a cast [-Werror=int-conversion]
   58 |   if(p==NULL) return EXIT_FAILURE;
      |                      ^~~~~~~~~~~~
In file included from /nix/store/4pqv2mwdn88h7xvsm7a5zplrd8sxzvw0-glibc-2.35-163-dev/include/string.h:535,
                 from test.c:3:
In function ‘strncpy’,
    inlined from ‘crearPersona’ at exercises.c:60:3:
/nix/store/4pqv2mwdn88h7xvsm7a5zplrd8sxzvw0-glibc-2.35-163-dev/include/bits/string_fortified.h:95:10: error: ‘__builtin_strncpy’ specified bound 30 equals destination size [-Werror=stringop-truncation]
   95 |   return __builtin___strncpy_chk (__dest, __src, __len,
      |          ^~~~~~~~~~~~~~~~~~~~~~~~~~~~~~~~~~~~~~~~~~~~~~
   96 |                                   __glibc_objsize (__dest));
      |                                   ~~~~~~~~~~~~~~~~~~~~~~~~~
In function ‘strncpy’,
    inlined from ‘crearPersona’ at exercises.c:61:3:
/nix/store/4pqv2mwdn88h7xvsm7a5zplrd8sxzvw0-glibc-2.35-163-dev/include/bits/string_fortified.h:95:10: error: ‘__builtin_strncpy’ specified bound 11 equals destination size [-Werror=stringop-truncation]
   95 |   return __builtin___strncpy_chk (__dest, __src, __len,
      |          ^~~~~~~~~~~~~~~~~~~~~~~~~~~~~~~~~~~~~~~~~~~~~~
   96 |                                   __glibc_objsize (__dest));
      |                                   ~~~~~~~~~~~~~~~~~~~~~~~~~
cc1: all warnings being treated as errors
Compilation failed
e1d8f8e
Fri 17 Mar 2023 05:36:56 PM UTC: 
 exercises.c | 2 +-
 1 file changed, 1 insertion(+), 1 deletion(-)
In file included from /nix/store/4pqv2mwdn88h7xvsm7a5zplrd8sxzvw0-glibc-2.35-163-dev/include/string.h:535,
                 from test.c:3:
In function ‘strncpy’,
    inlined from ‘crearPersona’ at exercises.c:60:3:
/nix/store/4pqv2mwdn88h7xvsm7a5zplrd8sxzvw0-glibc-2.35-163-dev/include/bits/string_fortified.h:95:10: error: ‘__builtin_strncpy’ specified bound 30 equals destination size [-Werror=stringop-truncation]
   95 |   return __builtin___strncpy_chk (__dest, __src, __len,
      |          ^~~~~~~~~~~~~~~~~~~~~~~~~~~~~~~~~~~~~~~~~~~~~~
   96 |                                   __glibc_objsize (__dest));
      |                                   ~~~~~~~~~~~~~~~~~~~~~~~~~
In function ‘strncpy’,
    inlined from ‘crearPersona’ at exercises.c:61:3:
/nix/store/4pqv2mwdn88h7xvsm7a5zplrd8sxzvw0-glibc-2.35-163-dev/include/bits/string_fortified.h:95:10: error: ‘__builtin_strncpy’ specified bound 11 equals destination size [-Werror=stringop-truncation]
   95 |   return __builtin___strncpy_chk (__dest, __src, __len,
      |          ^~~~~~~~~~~~~~~~~~~~~~~~~~~~~~~~~~~~~~~~~~~~~~
   96 |                                   __glibc_objsize (__dest));
      |                                   ~~~~~~~~~~~~~~~~~~~~~~~~~
cc1: all warnings being treated as errors
Compilation failed
e309d59
Fri 17 Mar 2023 05:40:52 PM UTC: 
 exercises.c | 4 ++--
 1 file changed, 2 insertions(+), 2 deletions(-)
In file included from test.c:5:
exercises.c: In function ‘crearPersona’:
exercises.c:60:3: error: too few arguments to function ‘strncpy’
   60 |   strncpy(p->nombre, nombre);
      |   ^~~~~~~
In file included from /nix/store/4pqv2mwdn88h7xvsm7a5zplrd8sxzvw0-glibc-2.35-163-dev/include/features.h:490,
                 from /nix/store/4pqv2mwdn88h7xvsm7a5zplrd8sxzvw0-glibc-2.35-163-dev/include/bits/libc-header-start.h:33,
                 from /nix/store/4pqv2mwdn88h7xvsm7a5zplrd8sxzvw0-glibc-2.35-163-dev/include/stdio.h:27,
                 from test.c:1:
/nix/store/4pqv2mwdn88h7xvsm7a5zplrd8sxzvw0-glibc-2.35-163-dev/include/bits/string_fortified.h:92:1: note: declared here
   92 | __NTH (strncpy (char *__restrict __dest, const char *__restrict __src,
      | ^~~~~
In file included from test.c:5:
exercises.c:61:3: error: too few arguments to function ‘strncpy’
   61 |   strncpy(p->rut, rut);
      |   ^~~~~~~
In file included from /nix/store/4pqv2mwdn88h7xvsm7a5zplrd8sxzvw0-glibc-2.35-163-dev/include/features.h:490,
                 from /nix/store/4pqv2mwdn88h7xvsm7a5zplrd8sxzvw0-glibc-2.35-163-dev/include/bits/libc-header-start.h:33,
                 from /nix/store/4pqv2mwdn88h7xvsm7a5zplrd8sxzvw0-glibc-2.35-163-dev/include/stdio.h:27,
                 from test.c:1:
/nix/store/4pqv2mwdn88h7xvsm7a5zplrd8sxzvw0-glibc-2.35-163-dev/include/bits/string_fortified.h:92:1: note: declared here
   92 | __NTH (strncpy (char *__restrict __dest, const char *__restrict __src,
      | ^~~~~
Compilation failed
c188465
Fri 17 Mar 2023 05:42:41 PM UTC: 
 exercises.c | 6 ++++--
 1 file changed, 4 insertions(+), 2 deletions(-)
 tests:  3|4
total_score: 30/70
8c01d27
Fri 17 Mar 2023 05:45:54 PM UTC: 
 exercises.c | 15 +++++++++++++++
 1 file changed, 15 insertions(+)
 tests:  3|4
total_score: 30/70
955c215
Fri 17 Mar 2023 05:46:32 PM UTC: 
 exercises.c | 2 +-
 1 file changed, 1 insertion(+), 1 deletion(-)
 tests:  4|3
total_score: 40/70
7677734
Fri 17 Mar 2023 05:51:34 PM UTC: 
 exercises.c | 15 +++++++--------
 1 file changed, 7 insertions(+), 8 deletions(-)
 tests:  4|3
total_score: 40/70
1e26092
Fri 17 Mar 2023 06:00:04 PM UTC: 
 exercises.c | 8 ++++----
 1 file changed, 4 insertions(+), 4 deletions(-)
In file included from test.c:5:
exercises.c: In function ‘asignarValor’:
exercises.c:106:20: error: expected ‘;’ before ‘}’ token
  106 |   v->datos[i]=valor
      |                    ^
      |                    ;
  107 | }
      | ~                   
Compilation failed
4183e64
Fri 17 Mar 2023 06:00:23 PM UTC: 
 exercises.c | 2 +-
 1 file changed, 1 insertion(+), 1 deletion(-)
 tests:  4|3
total_score: 40/70
1bb63e0
Fri 17 Mar 2023 06:03:02 PM UTC: 
 exercises.c | 2 +-
 1 file changed, 1 insertion(+), 1 deletion(-)
 tests:  6|2
total_score: 50/70
9bcb78d
Fri 17 Mar 2023 06:12:55 PM UTC: 
 exercises.c | 5 ++++-
 1 file changed, 4 insertions(+), 1 deletion(-)
 tests:  7|1
total_score: 60/70
7b06210
Fri 17 Mar 2023 06:16:31 PM UTC: 
 exercises.c | 11 ++++++++++-
 1 file changed, 10 insertions(+), 1 deletion(-)
 tests:  8|0
total_score: 70/70
cf6c696
Fri 17 Mar 2023 06:18:35 PM UTC: 
 exercises.c | 4 +---
 1 file changed, 1 insertion(+), 3 deletions(-)
 tests:  8|0
total_score: 70/70
699b766
Fri 17 Mar 2023 06:27:03 PM UTC: 
 exercises.c | 8 --------
 1 file changed, 8 deletions(-)
 tests:  6|2
total_score: 50/70
aad2306
